CRITICAL - 2020-03-22 11:30:39 --> syntax error, unexpected '$gameModel' (T_VARIABLE)
#0 /var/www/html/CI4/system/Router/Router.php(192): CodeIgniter\Router\Router->autoRoute('GameAPI/status')
#1 /var/www/html/CI4/system/CodeIgniter.php(785): CodeIgniter\Router\Router->handle('GameAPI/status')
#2 /var/www/html/CI4/system/CodeIgniter.php(358): CodeIgniter\CodeIgniter->tryToRouteIt(Object(CodeIgniter\Router\RouteCollection))
#3 /var/www/html/CI4/system/CodeIgniter.php(306): CodeIgniter\CodeIgniter->handleRequest(NULL, Object(Config\Cache), false)
#4 /var/www/html/CI4/index.php(45): CodeIgniter\CodeIgniter->run()
#5 {main}
CRITICAL - 2020-03-22 11:34:11 --> Invalid argument supplied for foreach()
#0 /var/www/html/CI4/app/Helpers/cleanup_helper.php(38): CodeIgniter\Debug\Exceptions->errorHandler(2, 'Invalid argumen...', '/var/www/html/C...', 38, Array)
#1 /var/www/html/CI4/app/Helpers/cleanup_helper.php(5): cah_cleanup_games()
#2 /var/www/html/CI4/app/Controllers/BaseController.php(51): cah_cleanup()
#3 /var/www/html/CI4/system/CodeIgniter.php(883): App\Controllers\BaseController->initController(Object(CodeIgniter\HTTP\IncomingRequest), Object(CodeIgniter\HTTP\Response), Object(CodeIgniter\Log\Logger))
#4 /var/www/html/CI4/system/CodeIgniter.php(393): CodeIgniter\CodeIgniter->createController()
#5 /var/www/html/CI4/system/CodeIgniter.php(306): CodeIgniter\CodeIgniter->handleRequest(NULL, Object(Config\Cache), false)
#6 /var/www/html/CI4/index.php(45): CodeIgniter\CodeIgniter->run()
#7 {main}
CRITICAL - 2020-03-22 11:35:48 --> Invalid argument supplied for foreach()
#0 /var/www/html/CI4/app/Helpers/cleanup_helper.php(38): CodeIgniter\Debug\Exceptions->errorHandler(2, 'Invalid argumen...', '/var/www/html/C...', 38, Array)
#1 /var/www/html/CI4/app/Helpers/cleanup_helper.php(5): cah_cleanup_games()
#2 /var/www/html/CI4/app/Controllers/BaseController.php(51): cah_cleanup()
#3 /var/www/html/CI4/system/CodeIgniter.php(883): App\Controllers\BaseController->initController(Object(CodeIgniter\HTTP\IncomingRequest), Object(CodeIgniter\HTTP\Response), Object(CodeIgniter\Log\Logger))
#4 /var/www/html/CI4/system/CodeIgniter.php(393): CodeIgniter\CodeIgniter->createController()
#5 /var/www/html/CI4/system/CodeIgniter.php(306): CodeIgniter\CodeIgniter->handleRequest(NULL, Object(Config\Cache), false)
#6 /var/www/html/CI4/index.php(45): CodeIgniter\CodeIgniter->run()
#7 {main}
CRITICAL - 2020-03-22 11:35:51 --> Invalid argument supplied for foreach()
#0 /var/www/html/CI4/app/Helpers/cleanup_helper.php(38): CodeIgniter\Debug\Exceptions->errorHandler(2, 'Invalid argumen...', '/var/www/html/C...', 38, Array)
#1 /var/www/html/CI4/app/Helpers/cleanup_helper.php(5): cah_cleanup_games()
#2 /var/www/html/CI4/app/Controllers/BaseController.php(51): cah_cleanup()
#3 /var/www/html/CI4/system/CodeIgniter.php(883): App\Controllers\BaseController->initController(Object(CodeIgniter\HTTP\IncomingRequest), Object(CodeIgniter\HTTP\Response), Object(CodeIgniter\Log\Logger))
#4 /var/www/html/CI4/system/CodeIgniter.php(393): CodeIgniter\CodeIgniter->createController()
#5 /var/www/html/CI4/system/CodeIgniter.php(306): CodeIgniter\CodeIgniter->handleRequest(NULL, Object(Config\Cache), false)
#6 /var/www/html/CI4/index.php(45): CodeIgniter\CodeIgniter->run()
#7 {main}
CRITICAL - 2020-03-22 11:35:52 --> Invalid argument supplied for foreach()
#0 /var/www/html/CI4/app/Helpers/cleanup_helper.php(38): CodeIgniter\Debug\Exceptions->errorHandler(2, 'Invalid argumen...', '/var/www/html/C...', 38, Array)
#1 /var/www/html/CI4/app/Helpers/cleanup_helper.php(5): cah_cleanup_games()
#2 /var/www/html/CI4/app/Controllers/BaseController.php(51): cah_cleanup()
#3 /var/www/html/CI4/system/CodeIgniter.php(883): App\Controllers\BaseController->initController(Object(CodeIgniter\HTTP\IncomingRequest), Object(CodeIgniter\HTTP\Response), Object(CodeIgniter\Log\Logger))
#4 /var/www/html/CI4/system/CodeIgniter.php(393): CodeIgniter\CodeIgniter->createController()
#5 /var/www/html/CI4/system/CodeIgniter.php(306): CodeIgniter\CodeIgniter->handleRequest(NULL, Object(Config\Cache), false)
#6 /var/www/html/CI4/index.php(45): CodeIgniter\CodeIgniter->run()
#7 {main}
CRITICAL - 2020-03-22 11:35:53 --> Invalid argument supplied for foreach()
#0 /var/www/html/CI4/app/Helpers/cleanup_helper.php(38): CodeIgniter\Debug\Exceptions->errorHandler(2, 'Invalid argumen...', '/var/www/html/C...', 38, Array)
#1 /var/www/html/CI4/app/Helpers/cleanup_helper.php(5): cah_cleanup_games()
#2 /var/www/html/CI4/app/Controllers/BaseController.php(51): cah_cleanup()
#3 /var/www/html/CI4/system/CodeIgniter.php(883): App\Controllers\BaseController->initController(Object(CodeIgniter\HTTP\IncomingRequest), Object(CodeIgniter\HTTP\Response), Object(CodeIgniter\Log\Logger))
#4 /var/www/html/CI4/system/CodeIgniter.php(393): CodeIgniter\CodeIgniter->createController()
#5 /var/www/html/CI4/system/CodeIgniter.php(306): CodeIgniter\CodeIgniter->handleRequest(NULL, Object(Config\Cache), false)
#6 /var/www/html/CI4/index.php(45): CodeIgniter\CodeIgniter->run()
#7 {main}
CRITICAL - 2020-03-22 11:35:53 --> Invalid argument supplied for foreach()
#0 /var/www/html/CI4/app/Helpers/cleanup_helper.php(38): CodeIgniter\Debug\Exceptions->errorHandler(2, 'Invalid argumen...', '/var/www/html/C...', 38, Array)
#1 /var/www/html/CI4/app/Helpers/cleanup_helper.php(5): cah_cleanup_games()
#2 /var/www/html/CI4/app/Controllers/BaseController.php(51): cah_cleanup()
#3 /var/www/html/CI4/system/CodeIgniter.php(883): App\Controllers\BaseController->initController(Object(CodeIgniter\HTTP\IncomingRequest), Object(CodeIgniter\HTTP\Response), Object(CodeIgniter\Log\Logger))
#4 /var/www/html/CI4/system/CodeIgniter.php(393): CodeIgniter\CodeIgniter->createController()
#5 /var/www/html/CI4/system/CodeIgniter.php(306): CodeIgniter\CodeIgniter->handleRequest(NULL, Object(Config\Cache), false)
#6 /var/www/html/CI4/index.php(45): CodeIgniter\CodeIgniter->run()
#7 {main}
CRITICAL - 2020-03-22 11:35:54 --> Invalid argument supplied for foreach()
#0 /var/www/html/CI4/app/Helpers/cleanup_helper.php(38): CodeIgniter\Debug\Exceptions->errorHandler(2, 'Invalid argumen...', '/var/www/html/C...', 38, Array)
#1 /var/www/html/CI4/app/Helpers/cleanup_helper.php(5): cah_cleanup_games()
#2 /var/www/html/CI4/app/Controllers/BaseController.php(51): cah_cleanup()
#3 /var/www/html/CI4/system/CodeIgniter.php(883): App\Controllers\BaseController->initController(Object(CodeIgniter\HTTP\IncomingRequest), Object(CodeIgniter\HTTP\Response), Object(CodeIgniter\Log\Logger))
#4 /var/www/html/CI4/system/CodeIgniter.php(393): CodeIgniter\CodeIgniter->createController()
#5 /var/www/html/CI4/system/CodeIgniter.php(306): CodeIgniter\CodeIgniter->handleRequest(NULL, Object(Config\Cache), false)
#6 /var/www/html/CI4/index.php(45): CodeIgniter\CodeIgniter->run()
#7 {main}
CRITICAL - 2020-03-22 11:35:54 --> Invalid argument supplied for foreach()
#0 /var/www/html/CI4/app/Helpers/cleanup_helper.php(38): CodeIgniter\Debug\Exceptions->errorHandler(2, 'Invalid argumen...', '/var/www/html/C...', 38, Array)
#1 /var/www/html/CI4/app/Helpers/cleanup_helper.php(5): cah_cleanup_games()
#2 /var/www/html/CI4/app/Controllers/BaseController.php(51): cah_cleanup()
#3 /var/www/html/CI4/system/CodeIgniter.php(883): App\Controllers\BaseController->initController(Object(CodeIgniter\HTTP\IncomingRequest), Object(CodeIgniter\HTTP\Response), Object(CodeIgniter\Log\Logger))
#4 /var/www/html/CI4/system/CodeIgniter.php(393): CodeIgniter\CodeIgniter->createController()
#5 /var/www/html/CI4/system/CodeIgniter.php(306): CodeIgniter\CodeIgniter->handleRequest(NULL, Object(Config\Cache), false)
#6 /var/www/html/CI4/index.php(45): CodeIgniter\CodeIgniter->run()
#7 {main}
CRITICAL - 2020-03-22 11:35:57 --> Invalid argument supplied for foreach()
#0 /var/www/html/CI4/app/Helpers/cleanup_helper.php(38): CodeIgniter\Debug\Exceptions->errorHandler(2, 'Invalid argumen...', '/var/www/html/C...', 38, Array)
#1 /var/www/html/CI4/app/Helpers/cleanup_helper.php(5): cah_cleanup_games()
#2 /var/www/html/CI4/app/Controllers/BaseController.php(51): cah_cleanup()
#3 /var/www/html/CI4/system/CodeIgniter.php(883): App\Controllers\BaseController->initController(Object(CodeIgniter\HTTP\IncomingRequest), Object(CodeIgniter\HTTP\Response), Object(CodeIgniter\Log\Logger))
#4 /var/www/html/CI4/system/CodeIgniter.php(393): CodeIgniter\CodeIgniter->createController()
#5 /var/www/html/CI4/system/CodeIgniter.php(306): CodeIgniter\CodeIgniter->handleRequest(NULL, Object(Config\Cache), false)
#6 /var/www/html/CI4/index.php(45): CodeIgniter\CodeIgniter->run()
#7 {main}
CRITICAL - 2020-03-22 11:35:59 --> Invalid argument supplied for foreach()
#0 /var/www/html/CI4/app/Helpers/cleanup_helper.php(38): CodeIgniter\Debug\Exceptions->errorHandler(2, 'Invalid argumen...', '/var/www/html/C...', 38, Array)
#1 /var/www/html/CI4/app/Helpers/cleanup_helper.php(5): cah_cleanup_games()
#2 /var/www/html/CI4/app/Controllers/BaseController.php(51): cah_cleanup()
#3 /var/www/html/CI4/system/CodeIgniter.php(883): App\Controllers\BaseController->initController(Object(CodeIgniter\HTTP\IncomingRequest), Object(CodeIgniter\HTTP\Response), Object(CodeIgniter\Log\Logger))
#4 /var/www/html/CI4/system/CodeIgniter.php(393): CodeIgniter\CodeIgniter->createController()
#5 /var/www/html/CI4/system/CodeIgniter.php(306): CodeIgniter\CodeIgniter->handleRequest(NULL, Object(Config\Cache), false)
#6 /var/www/html/CI4/index.php(45): CodeIgniter\CodeIgniter->run()
#7 {main}
CRITICAL - 2020-03-22 11:35:59 --> Invalid argument supplied for foreach()
#0 /var/www/html/CI4/app/Helpers/cleanup_helper.php(38): CodeIgniter\Debug\Exceptions->errorHandler(2, 'Invalid argumen...', '/var/www/html/C...', 38, Array)
#1 /var/www/html/CI4/app/Helpers/cleanup_helper.php(5): cah_cleanup_games()
#2 /var/www/html/CI4/app/Controllers/BaseController.php(51): cah_cleanup()
#3 /var/www/html/CI4/system/CodeIgniter.php(883): App\Controllers\BaseController->initController(Object(CodeIgniter\HTTP\IncomingRequest), Object(CodeIgniter\HTTP\Response), Object(CodeIgniter\Log\Logger))
#4 /var/www/html/CI4/system/CodeIgniter.php(393): CodeIgniter\CodeIgniter->createController()
#5 /var/www/html/CI4/system/CodeIgniter.php(306): CodeIgniter\CodeIgniter->handleRequest(NULL, Object(Config\Cache), false)
#6 /var/www/html/CI4/index.php(45): CodeIgniter\CodeIgniter->run()
#7 {main}
CRITICAL - 2020-03-22 11:36:01 --> Invalid argument supplied for foreach()
#0 /var/www/html/CI4/app/Helpers/cleanup_helper.php(38): CodeIgniter\Debug\Exceptions->errorHandler(2, 'Invalid argumen...', '/var/www/html/C...', 38, Array)
#1 /var/www/html/CI4/app/Helpers/cleanup_helper.php(5): cah_cleanup_games()
#2 /var/www/html/CI4/app/Controllers/BaseController.php(51): cah_cleanup()
#3 /var/www/html/CI4/system/CodeIgniter.php(883): App\Controllers\BaseController->initController(Object(CodeIgniter\HTTP\IncomingRequest), Object(CodeIgniter\HTTP\Response), Object(CodeIgniter\Log\Logger))
#4 /var/www/html/CI4/system/CodeIgniter.php(393): CodeIgniter\CodeIgniter->createController()
#5 /var/www/html/CI4/system/CodeIgniter.php(306): CodeIgniter\CodeIgniter->handleRequest(NULL, Object(Config\Cache), false)
#6 /var/www/html/CI4/index.php(45): CodeIgniter\CodeIgniter->run()
#7 {main}
CRITICAL - 2020-03-22 11:36:27 --> count(): Parameter must be an array or an object that implements Countable
#0 /var/www/html/CI4/app/Helpers/cleanup_helper.php(51): CodeIgniter\Debug\Exceptions->errorHandler(2, 'count(): Parame...', '/var/www/html/C...', 51, Array)
#1 /var/www/html/CI4/app/Helpers/cleanup_helper.php(5): cah_cleanup_games()
#2 /var/www/html/CI4/app/Controllers/BaseController.php(51): cah_cleanup()
#3 /var/www/html/CI4/system/CodeIgniter.php(883): App\Controllers\BaseController->initController(Object(CodeIgniter\HTTP\IncomingRequest), Object(CodeIgniter\HTTP\Response), Object(CodeIgniter\Log\Logger))
#4 /var/www/html/CI4/system/CodeIgniter.php(393): CodeIgniter\CodeIgniter->createController()
#5 /var/www/html/CI4/system/CodeIgniter.php(306): CodeIgniter\CodeIgniter->handleRequest(NULL, Object(Config\Cache), false)
#6 /var/www/html/CI4/index.php(45): CodeIgniter\CodeIgniter->run()
#7 {main}
CRITICAL - 2020-03-22 11:36:28 --> count(): Parameter must be an array or an object that implements Countable
#0 /var/www/html/CI4/app/Helpers/cleanup_helper.php(51): CodeIgniter\Debug\Exceptions->errorHandler(2, 'count(): Parame...', '/var/www/html/C...', 51, Array)
#1 /var/www/html/CI4/app/Helpers/cleanup_helper.php(5): cah_cleanup_games()
#2 /var/www/html/CI4/app/Controllers/BaseController.php(51): cah_cleanup()
#3 /var/www/html/CI4/system/CodeIgniter.php(883): App\Controllers\BaseController->initController(Object(CodeIgniter\HTTP\IncomingRequest), Object(CodeIgniter\HTTP\Response), Object(CodeIgniter\Log\Logger))
#4 /var/www/html/CI4/system/CodeIgniter.php(393): CodeIgniter\CodeIgniter->createController()
#5 /var/www/html/CI4/system/CodeIgniter.php(306): CodeIgniter\CodeIgniter->handleRequest(NULL, Object(Config\Cache), false)
#6 /var/www/html/CI4/index.php(45): CodeIgniter\CodeIgniter->run()
#7 {main}
CRITICAL - 2020-03-22 11:37:09 --> count(): Parameter must be an array or an object that implements Countable
#0 [internal function]: CodeIgniter\Debug\Exceptions->errorHandler(2, 'count(): Parame...', '/var/www/html/C...', 42, Array)
#1 /var/www/html/CI4/app/Controllers/GameAPI.php(42): count(NULL)
#2 /var/www/html/CI4/system/CodeIgniter.php(910): App\Controllers\GameAPI->status()
#3 /var/www/html/CI4/system/CodeIgniter.php(398): CodeIgniter\CodeIgniter->runController(Object(App\Controllers\GameAPI))
#4 /var/www/html/CI4/system/CodeIgniter.php(306): CodeIgniter\CodeIgniter->handleRequest(NULL, Object(Config\Cache), false)
#5 /var/www/html/CI4/index.php(45): CodeIgniter\CodeIgniter->run()
#6 {main}
CRITICAL - 2020-03-22 11:49:49 --> Array to string conversion
#0 [internal function]: CodeIgniter\Debug\Exceptions->errorHandler(8, 'Array to string...', '/var/www/html/C...', 45, Array)
#1 /var/www/html/CI4/app/Helpers/cleanup_helper.php(45): array_diff(Array, Array)
#2 /var/www/html/CI4/app/Helpers/cleanup_helper.php(5): cah_cleanup_games()
#3 /var/www/html/CI4/app/Controllers/BaseController.php(51): cah_cleanup()
#4 /var/www/html/CI4/system/CodeIgniter.php(883): App\Controllers\BaseController->initController(Object(CodeIgniter\HTTP\IncomingRequest), Object(CodeIgniter\HTTP\Response), Object(CodeIgniter\Log\Logger))
#5 /var/www/html/CI4/system/CodeIgniter.php(393): CodeIgniter\CodeIgniter->createController()
#6 /var/www/html/CI4/system/CodeIgniter.php(306): CodeIgniter\CodeIgniter->handleRequest(NULL, Object(Config\Cache), false)
#7 /var/www/html/CI4/index.php(45): CodeIgniter\CodeIgniter->run()
#8 {main}
CRITICAL - 2020-03-22 14:46:20 --> Undefined variable: data
#0 /var/www/html/CI4/app/Views/game/index.php(1): CodeIgniter\Debug\Exceptions->errorHandler(8, 'Undefined varia...', '/var/www/html/C...', 1, Array)
#1 /var/www/html/CI4/system/View/View.php(236): include('/var/www/html/C...')
#2 /var/www/html/CI4/system/Common.php(1071): CodeIgniter\View\View->render('game/index', Array, true)
#3 /var/www/html/CI4/app/Controllers/Game.php(49): view('game/index', Array)
#4 /var/www/html/CI4/system/CodeIgniter.php(910): App\Controllers\Game->manage('Nxz5eMOh')
#5 /var/www/html/CI4/system/CodeIgniter.php(398): CodeIgniter\CodeIgniter->runController(Object(App\Controllers\Game))
#6 /var/www/html/CI4/system/CodeIgniter.php(306): CodeIgniter\CodeIgniter->handleRequest(NULL, Object(Config\Cache), false)
#7 /var/www/html/CI4/index.php(45): CodeIgniter\CodeIgniter->run()
#8 {main}
CRITICAL - 2020-03-22 14:49:13 --> Undefined variable: name
#0 /var/www/html/CI4/app/Views/game/lobby.php(10): CodeIgniter\Debug\Exceptions->errorHandler(8, 'Undefined varia...', '/var/www/html/C...', 10, Array)
#1 /var/www/html/CI4/system/View/View.php(236): include('/var/www/html/C...')
#2 /var/www/html/CI4/system/Common.php(1071): CodeIgniter\View\View->render('game/lobby', Array, true)
#3 /var/www/html/CI4/app/Controllers/Game.php(77): view('game/lobby', Array)
#4 /var/www/html/CI4/system/CodeIgniter.php(910): App\Controllers\Game->lobby('Nxz5eMOh')
#5 /var/www/html/CI4/system/CodeIgniter.php(398): CodeIgniter\CodeIgniter->runController(Object(App\Controllers\Game))
#6 /var/www/html/CI4/system/CodeIgniter.php(306): CodeIgniter\CodeIgniter->handleRequest(NULL, Object(Config\Cache), false)
#7 /var/www/html/CI4/index.php(45): CodeIgniter\CodeIgniter->run()
#8 {main}
