CRITICAL - 2020-03-19 16:22:46 --> Invalid file: default.php
#0 /var/www/html/CI4/system/View/View.php(224): CodeIgniter\Exceptions\FrameworkException::forInvalidFile('default.php')
#1 /var/www/html/CI4/system/View/View.php(247): CodeIgniter\View\View->render('default', Array, true)
#2 /var/www/html/CI4/system/Common.php(1071): CodeIgniter\View\View->render('auth/login', Array, true)
#3 /var/www/html/CI4/app/Controllers/Game.php(11): view('auth/login')
#4 /var/www/html/CI4/system/CodeIgniter.php(910): App\Controllers\Game->pickUsername()
#5 /var/www/html/CI4/system/CodeIgniter.php(398): CodeIgniter\CodeIgniter->runController(Object(App\Controllers\Game))
#6 /var/www/html/CI4/system/CodeIgniter.php(306): CodeIgniter\CodeIgniter->handleRequest(NULL, Object(Config\Cache), false)
#7 /var/www/html/CI4/index.php(45): CodeIgniter\CodeIgniter->run()
#8 {main}
CRITICAL - 2020-03-19 16:23:07 --> Undefined variable: title
#0 /var/www/html/CI4/app/Views/templates/full.php(12): CodeIgniter\Debug\Exceptions->errorHandler(8, 'Undefined varia...', '/var/www/html/C...', 12, Array)
#1 /var/www/html/CI4/system/View/View.php(236): include('/var/www/html/C...')
#2 /var/www/html/CI4/system/View/View.php(247): CodeIgniter\View\View->render('templates/full', Array, true)
#3 /var/www/html/CI4/system/Common.php(1071): CodeIgniter\View\View->render('auth/login', Array, true)
#4 /var/www/html/CI4/app/Controllers/Game.php(11): view('auth/login')
#5 /var/www/html/CI4/system/CodeIgniter.php(910): App\Controllers\Game->pickUsername()
#6 /var/www/html/CI4/system/CodeIgniter.php(398): CodeIgniter\CodeIgniter->runController(Object(App\Controllers\Game))
#7 /var/www/html/CI4/system/CodeIgniter.php(306): CodeIgniter\CodeIgniter->handleRequest(NULL, Object(Config\Cache), false)
#8 /var/www/html/CI4/index.php(45): CodeIgniter\CodeIgniter->run()
#9 {main}
CRITICAL - 2020-03-19 16:23:08 --> Undefined variable: title
#0 /var/www/html/CI4/app/Views/templates/full.php(12): CodeIgniter\Debug\Exceptions->errorHandler(8, 'Undefined varia...', '/var/www/html/C...', 12, Array)
#1 /var/www/html/CI4/system/View/View.php(236): include('/var/www/html/C...')
#2 /var/www/html/CI4/system/View/View.php(247): CodeIgniter\View\View->render('templates/full', Array, true)
#3 /var/www/html/CI4/system/Common.php(1071): CodeIgniter\View\View->render('auth/login', Array, true)
#4 /var/www/html/CI4/app/Controllers/Game.php(11): view('auth/login')
#5 /var/www/html/CI4/system/CodeIgniter.php(910): App\Controllers\Game->pickUsername()
#6 /var/www/html/CI4/system/CodeIgniter.php(398): CodeIgniter\CodeIgniter->runController(Object(App\Controllers\Game))
#7 /var/www/html/CI4/system/CodeIgniter.php(306): CodeIgniter\CodeIgniter->handleRequest(NULL, Object(Config\Cache), false)
#8 /var/www/html/CI4/index.php(45): CodeIgniter\CodeIgniter->run()
#9 {main}
CRITICAL - 2020-03-19 16:23:46 --> Undefined variable: title
#0 /var/www/html/CI4/app/Views/templates/full.php(12): CodeIgniter\Debug\Exceptions->errorHandler(8, 'Undefined varia...', '/var/www/html/C...', 12, Array)
#1 /var/www/html/CI4/system/View/View.php(236): include('/var/www/html/C...')
#2 /var/www/html/CI4/system/View/View.php(247): CodeIgniter\View\View->render('templates/full', Array, true)
#3 /var/www/html/CI4/system/Common.php(1071): CodeIgniter\View\View->render('auth/login', Array, true)
#4 /var/www/html/CI4/app/Controllers/Game.php(11): view('auth/login')
#5 /var/www/html/CI4/system/CodeIgniter.php(910): App\Controllers\Game->pickUsername()
#6 /var/www/html/CI4/system/CodeIgniter.php(398): CodeIgniter\CodeIgniter->runController(Object(App\Controllers\Game))
#7 /var/www/html/CI4/system/CodeIgniter.php(306): CodeIgniter\CodeIgniter->handleRequest(NULL, Object(Config\Cache), false)
#8 /var/www/html/CI4/index.php(45): CodeIgniter\CodeIgniter->run()
#9 {main}
CRITICAL - 2020-03-19 16:23:46 --> Undefined variable: title
#0 /var/www/html/CI4/app/Views/templates/full.php(12): CodeIgniter\Debug\Exceptions->errorHandler(8, 'Undefined varia...', '/var/www/html/C...', 12, Array)
#1 /var/www/html/CI4/system/View/View.php(236): include('/var/www/html/C...')
#2 /var/www/html/CI4/system/View/View.php(247): CodeIgniter\View\View->render('templates/full', Array, true)
#3 /var/www/html/CI4/system/Common.php(1071): CodeIgniter\View\View->render('auth/login', Array, true)
#4 /var/www/html/CI4/app/Controllers/Game.php(11): view('auth/login')
#5 /var/www/html/CI4/system/CodeIgniter.php(910): App\Controllers\Game->pickUsername()
#6 /var/www/html/CI4/system/CodeIgniter.php(398): CodeIgniter\CodeIgniter->runController(Object(App\Controllers\Game))
#7 /var/www/html/CI4/system/CodeIgniter.php(306): CodeIgniter\CodeIgniter->handleRequest(NULL, Object(Config\Cache), false)
#8 /var/www/html/CI4/index.php(45): CodeIgniter\CodeIgniter->run()
#9 {main}
CRITICAL - 2020-03-19 16:26:53 --> Undefined variable: title
#0 /var/www/html/CI4/app/Views/templates/full.php(12): CodeIgniter\Debug\Exceptions->errorHandler(8, 'Undefined varia...', '/var/www/html/C...', 12, Array)
#1 /var/www/html/CI4/system/View/View.php(236): include('/var/www/html/C...')
#2 /var/www/html/CI4/system/View/View.php(247): CodeIgniter\View\View->render('templates/full', Array, true)
#3 /var/www/html/CI4/system/Common.php(1071): CodeIgniter\View\View->render('auth/login', Array, true)
#4 /var/www/html/CI4/app/Controllers/Game.php(11): view('auth/login')
#5 /var/www/html/CI4/system/CodeIgniter.php(910): App\Controllers\Game->pickUsername()
#6 /var/www/html/CI4/system/CodeIgniter.php(398): CodeIgniter\CodeIgniter->runController(Object(App\Controllers\Game))
#7 /var/www/html/CI4/system/CodeIgniter.php(306): CodeIgniter\CodeIgniter->handleRequest(NULL, Object(Config\Cache), false)
#8 /var/www/html/CI4/index.php(45): CodeIgniter\CodeIgniter->run()
#9 {main}
CRITICAL - 2020-03-19 16:26:54 --> Undefined variable: title
#0 /var/www/html/CI4/app/Views/templates/full.php(12): CodeIgniter\Debug\Exceptions->errorHandler(8, 'Undefined varia...', '/var/www/html/C...', 12, Array)
#1 /var/www/html/CI4/system/View/View.php(236): include('/var/www/html/C...')
#2 /var/www/html/CI4/system/View/View.php(247): CodeIgniter\View\View->render('templates/full', Array, true)
#3 /var/www/html/CI4/system/Common.php(1071): CodeIgniter\View\View->render('auth/login', Array, true)
#4 /var/www/html/CI4/app/Controllers/Game.php(11): view('auth/login')
#5 /var/www/html/CI4/system/CodeIgniter.php(910): App\Controllers\Game->pickUsername()
#6 /var/www/html/CI4/system/CodeIgniter.php(398): CodeIgniter\CodeIgniter->runController(Object(App\Controllers\Game))
#7 /var/www/html/CI4/system/CodeIgniter.php(306): CodeIgniter\CodeIgniter->handleRequest(NULL, Object(Config\Cache), false)
#8 /var/www/html/CI4/index.php(45): CodeIgniter\CodeIgniter->run()
#9 {main}
CRITICAL - 2020-03-19 16:28:16 --> Undefined variable: title
#0 /var/www/html/CI4/app/Views/templates/full.php(12): CodeIgniter\Debug\Exceptions->errorHandler(8, 'Undefined varia...', '/var/www/html/C...', 12, Array)
#1 /var/www/html/CI4/system/View/View.php(236): include('/var/www/html/C...')
#2 /var/www/html/CI4/system/View/View.php(247): CodeIgniter\View\View->render('templates/full', Array, true)
#3 /var/www/html/CI4/system/Common.php(1071): CodeIgniter\View\View->render('auth/login', Array, true)
#4 /var/www/html/CI4/app/Controllers/Game.php(11): view('auth/login')
#5 /var/www/html/CI4/system/CodeIgniter.php(910): App\Controllers\Game->pickUsername()
#6 /var/www/html/CI4/system/CodeIgniter.php(398): CodeIgniter\CodeIgniter->runController(Object(App\Controllers\Game))
#7 /var/www/html/CI4/system/CodeIgniter.php(306): CodeIgniter\CodeIgniter->handleRequest(NULL, Object(Config\Cache), false)
#8 /var/www/html/CI4/index.php(45): CodeIgniter\CodeIgniter->run()
#9 {main}
CRITICAL - 2020-03-19 21:13:51 --> Call to undefined method CodeIgniter\View\View::beginSection()
#0 /var/www/html/CI4/system/View/View.php(236): include()
#1 /var/www/html/CI4/system/Common.php(1071): CodeIgniter\View\View->render('auth/login', Array, true)
#2 /var/www/html/CI4/app/Controllers/Game.php(14): view('auth/login', Array)
#3 /var/www/html/CI4/system/CodeIgniter.php(910): App\Controllers\Game->login()
#4 /var/www/html/CI4/system/CodeIgniter.php(398): CodeIgniter\CodeIgniter->runController(Object(App\Controllers\Game))
#5 /var/www/html/CI4/system/CodeIgniter.php(306): CodeIgniter\CodeIgniter->handleRequest(NULL, Object(Config\Cache), false)
#6 /var/www/html/CI4/index.php(45): CodeIgniter\CodeIgniter->run()
#7 {main}
CRITICAL - 2020-03-19 21:22:38 --> Undefined constant 'App\Models'
#0 /var/www/html/CI4/system/Autoloader/Autoloader.php(365): require_once()
#1 /var/www/html/CI4/system/Autoloader/Autoloader.php(296): CodeIgniter\Autoloader\Autoloader->requireFile('/var/www/html/C...')
#2 /var/www/html/CI4/system/Autoloader/Autoloader.php(258): CodeIgniter\Autoloader\Autoloader->loadInNamespace('App\\Models\\User...')
#3 [internal function]: CodeIgniter\Autoloader\Autoloader->loadClass('App\\Models\\User...')
#4 [internal function]: spl_autoload_call('App\\Models\\User...')
#5 /var/www/html/CI4/system/Database/ModelFactory.php(82): class_exists('App\\Models\\User...')
#6 /var/www/html/CI4/system/Database/ModelFactory.php(48): CodeIgniter\Database\ModelFactory::createClass('App\\Models\\User...', NULL)
#7 /var/www/html/CI4/system/Common.php(729): CodeIgniter\Database\ModelFactory::get('App\\Models\\User...', true, NULL)
#8 /var/www/html/CI4/app/Controllers/GameAPI.php(38): model('App\\Models\\User...')
#9 /var/www/html/CI4/system/CodeIgniter.php(910): App\Controllers\GameAPI->login()
#10 /var/www/html/CI4/system/CodeIgniter.php(398): CodeIgniter\CodeIgniter->runController(Object(App\Controllers\GameAPI))
#11 /var/www/html/CI4/system/CodeIgniter.php(306): CodeIgniter\CodeIgniter->handleRequest(NULL, Object(Config\Cache), false)
#12 /var/www/html/CI4/index.php(45): CodeIgniter\CodeIgniter->run()
#13 {main}
CRITICAL - 2020-03-19 21:24:19 --> Undefined constant 'App\Models'
#0 /var/www/html/CI4/system/Autoloader/Autoloader.php(365): require_once()
#1 /var/www/html/CI4/system/Autoloader/Autoloader.php(296): CodeIgniter\Autoloader\Autoloader->requireFile('/var/www/html/C...')
#2 /var/www/html/CI4/system/Autoloader/Autoloader.php(258): CodeIgniter\Autoloader\Autoloader->loadInNamespace('App\\Models\\User...')
#3 [internal function]: CodeIgniter\Autoloader\Autoloader->loadClass('App\\Models\\User...')
#4 [internal function]: spl_autoload_call('App\\Models\\User...')
#5 /var/www/html/CI4/system/Database/ModelFactory.php(82): class_exists('App\\Models\\User...')
#6 /var/www/html/CI4/system/Database/ModelFactory.php(48): CodeIgniter\Database\ModelFactory::createClass('App\\Models\\User...', NULL)
#7 /var/www/html/CI4/system/Common.php(729): CodeIgniter\Database\ModelFactory::get('App\\Models\\User...', true, NULL)
#8 /var/www/html/CI4/app/Controllers/GameAPI.php(38): model('App\\Models\\User...')
#9 /var/www/html/CI4/system/CodeIgniter.php(910): App\Controllers\GameAPI->login()
#10 /var/www/html/CI4/system/CodeIgniter.php(398): CodeIgniter\CodeIgniter->runController(Object(App\Controllers\GameAPI))
#11 /var/www/html/CI4/system/CodeIgniter.php(306): CodeIgniter\CodeIgniter->handleRequest(NULL, Object(Config\Cache), false)
#12 /var/www/html/CI4/index.php(45): CodeIgniter\CodeIgniter->run()
#13 {main}
CRITICAL - 2020-03-19 21:24:39 --> Undefined constant 'App\Models'
#0 /var/www/html/CI4/system/Autoloader/Autoloader.php(365): require_once()
#1 /var/www/html/CI4/system/Autoloader/Autoloader.php(296): CodeIgniter\Autoloader\Autoloader->requireFile('/var/www/html/C...')
#2 /var/www/html/CI4/system/Autoloader/Autoloader.php(258): CodeIgniter\Autoloader\Autoloader->loadInNamespace('App\\Models\\User...')
#3 [internal function]: CodeIgniter\Autoloader\Autoloader->loadClass('App\\Models\\User...')
#4 [internal function]: spl_autoload_call('App\\Models\\User...')
#5 /var/www/html/CI4/system/Database/ModelFactory.php(82): class_exists('App\\Models\\User...')
#6 /var/www/html/CI4/system/Database/ModelFactory.php(48): CodeIgniter\Database\ModelFactory::createClass('App\\Models\\User...', NULL)
#7 /var/www/html/CI4/system/Common.php(729): CodeIgniter\Database\ModelFactory::get('App\\Models\\User...', true, NULL)
#8 /var/www/html/CI4/app/Controllers/GameAPI.php(38): model('App\\Models\\User...')
#9 /var/www/html/CI4/system/CodeIgniter.php(910): App\Controllers\GameAPI->login()
#10 /var/www/html/CI4/system/CodeIgniter.php(398): CodeIgniter\CodeIgniter->runController(Object(App\Controllers\GameAPI))
#11 /var/www/html/CI4/system/CodeIgniter.php(306): CodeIgniter\CodeIgniter->handleRequest(NULL, Object(Config\Cache), false)
#12 /var/www/html/CI4/index.php(45): CodeIgniter\CodeIgniter->run()
#13 {main}
CRITICAL - 2020-03-19 21:36:45 --> Class 'Config\App\Models\UserSessionModel' not found
#0 /var/www/html/CI4/system/CodeIgniter.php(910): App\Controllers\GameAPI->status()
#1 /var/www/html/CI4/system/CodeIgniter.php(398): CodeIgniter\CodeIgniter->runController(Object(App\Controllers\GameAPI))
#2 /var/www/html/CI4/system/CodeIgniter.php(306): CodeIgniter\CodeIgniter->handleRequest(NULL, Object(Config\Cache), false)
#3 /var/www/html/CI4/index.php(45): CodeIgniter\CodeIgniter->run()
#4 {main}
CRITICAL - 2020-03-19 21:53:59 --> syntax error, unexpected 'if' (T_IF)
#0 /var/www/html/CI4/system/Router/Router.php(192): CodeIgniter\Router\Router->autoRoute('GameAPI/status')
#1 /var/www/html/CI4/system/CodeIgniter.php(785): CodeIgniter\Router\Router->handle('GameAPI/status')
#2 /var/www/html/CI4/system/CodeIgniter.php(358): CodeIgniter\CodeIgniter->tryToRouteIt(Object(CodeIgniter\Router\RouteCollection))
#3 /var/www/html/CI4/system/CodeIgniter.php(306): CodeIgniter\CodeIgniter->handleRequest(NULL, Object(Config\Cache), false)
#4 /var/www/html/CI4/index.php(45): CodeIgniter\CodeIgniter->run()
#5 {main}
CRITICAL - 2020-03-19 21:54:52 --> Undefined index: username
#0 /var/www/html/CI4/app/Controllers/GameAPI.php(26): CodeIgniter\Debug\Exceptions->errorHandler(8, 'Undefined index...', '/var/www/html/C...', 26, Array)
#1 /var/www/html/CI4/system/CodeIgniter.php(910): App\Controllers\GameAPI->status()
#2 /var/www/html/CI4/system/CodeIgniter.php(398): CodeIgniter\CodeIgniter->runController(Object(App\Controllers\GameAPI))
#3 /var/www/html/CI4/system/CodeIgniter.php(306): CodeIgniter\CodeIgniter->handleRequest(NULL, Object(Config\Cache), false)
#4 /var/www/html/CI4/index.php(45): CodeIgniter\CodeIgniter->run()
#5 {main}
CRITICAL - 2020-03-19 21:55:45 --> count(): Parameter must be an array or an object that implements Countable
#0 [internal function]: CodeIgniter\Debug\Exceptions->errorHandler(2, 'count(): Parame...', '/var/www/html/C...', 20, Array)
#1 /var/www/html/CI4/app/Controllers/GameAPI.php(20): count(NULL)
#2 /var/www/html/CI4/system/CodeIgniter.php(910): App\Controllers\GameAPI->status()
#3 /var/www/html/CI4/system/CodeIgniter.php(398): CodeIgniter\CodeIgniter->runController(Object(App\Controllers\GameAPI))
#4 /var/www/html/CI4/system/CodeIgniter.php(306): CodeIgniter\CodeIgniter->handleRequest(NULL, Object(Config\Cache), false)
#5 /var/www/html/CI4/index.php(45): CodeIgniter\CodeIgniter->run()
#6 {main}
CRITICAL - 2020-03-19 23:51:05 --> 
#0 /var/www/html/CI4/system/HTTP/RedirectResponse.php(92): CodeIgniter\HTTP\Exceptions\HTTPException::forInvalidRedirectRoute('')
#1 /var/www/html/CI4/system/Common.php(798): CodeIgniter\HTTP\RedirectResponse->route(false)
#2 /var/www/html/CI4/app/Controllers/Game.php(15): redirect('game')
#3 /var/www/html/CI4/system/CodeIgniter.php(910): App\Controllers\Game->login()
#4 /var/www/html/CI4/system/CodeIgniter.php(398): CodeIgniter\CodeIgniter->runController(Object(App\Controllers\Game))
#5 /var/www/html/CI4/system/CodeIgniter.php(306): CodeIgniter\CodeIgniter->handleRequest(NULL, Object(Config\Cache), false)
#6 /var/www/html/CI4/index.php(45): CodeIgniter\CodeIgniter->run()
#7 {main}
CRITICAL - 2020-03-19 23:51:27 --> 
#0 /var/www/html/CI4/system/HTTP/RedirectResponse.php(92): CodeIgniter\HTTP\Exceptions\HTTPException::forInvalidRedirectRoute('')
#1 /var/www/html/CI4/system/Common.php(798): CodeIgniter\HTTP\RedirectResponse->route(false)
#2 /var/www/html/CI4/app/Controllers/Game.php(15): redirect('http://msi-robe...')
#3 /var/www/html/CI4/system/CodeIgniter.php(910): App\Controllers\Game->login()
#4 /var/www/html/CI4/system/CodeIgniter.php(398): CodeIgniter\CodeIgniter->runController(Object(App\Controllers\Game))
#5 /var/www/html/CI4/system/CodeIgniter.php(306): CodeIgniter\CodeIgniter->handleRequest(NULL, Object(Config\Cache), false)
#6 /var/www/html/CI4/index.php(45): CodeIgniter\CodeIgniter->run()
#7 {main}
