CRITICAL - 2020-03-25 14:05:31 --> Undefined index: cardpacksenabled
#0 /var/www/html/CI4/app/Views/game/manage.php(153): CodeIgniter\Debug\Exceptions->errorHandler(8, 'Undefined index...', '/var/www/html/C...', 153, Array)
#1 /var/www/html/CI4/system/View/View.php(236): include('/var/www/html/C...')
#2 /var/www/html/CI4/system/Common.php(1071): CodeIgniter\View\View->render('game/manage', Array, true)
#3 /var/www/html/CI4/app/Controllers/Game.php(79): view('game/manage', Array)
#4 /var/www/html/CI4/system/CodeIgniter.php(910): App\Controllers\Game->manage('v2IaSPMf')
#5 /var/www/html/CI4/system/CodeIgniter.php(398): CodeIgniter\CodeIgniter->runController(Object(App\Controllers\Game))
#6 /var/www/html/CI4/system/CodeIgniter.php(306): CodeIgniter\CodeIgniter->handleRequest(NULL, Object(Config\Cache), false)
#7 /var/www/html/CI4/index.php(45): CodeIgniter\CodeIgniter->run()
#8 {main}
CRITICAL - 2020-03-25 14:07:37 --> Undefined index: packsenabled
#0 /var/www/html/CI4/app/Views/game/manage.php(99): CodeIgniter\Debug\Exceptions->errorHandler(8, 'Undefined index...', '/var/www/html/C...', 99, Array)
#1 /var/www/html/CI4/system/View/View.php(236): include('/var/www/html/C...')
#2 /var/www/html/CI4/system/Common.php(1071): CodeIgniter\View\View->render('game/manage', Array, true)
#3 /var/www/html/CI4/app/Controllers/Game.php(79): view('game/manage', Array)
#4 /var/www/html/CI4/system/CodeIgniter.php(910): App\Controllers\Game->manage('v2IaSPMf')
#5 /var/www/html/CI4/system/CodeIgniter.php(398): CodeIgniter\CodeIgniter->runController(Object(App\Controllers\Game))
#6 /var/www/html/CI4/system/CodeIgniter.php(306): CodeIgniter\CodeIgniter->handleRequest(NULL, Object(Config\Cache), false)
#7 /var/www/html/CI4/index.php(45): CodeIgniter\CodeIgniter->run()
#8 {main}
CRITICAL - 2020-03-25 14:07:54 --> in_array() expects parameter 2 to be array, string given
#0 [internal function]: CodeIgniter\Debug\Exceptions->errorHandler(2, 'in_array() expe...', '/var/www/html/C...', 99, Array)
#1 /var/www/html/CI4/app/Views/game/manage.php(99): in_array('1', '[1,2,3]')
#2 /var/www/html/CI4/system/View/View.php(236): include('/var/www/html/C...')
#3 /var/www/html/CI4/system/Common.php(1071): CodeIgniter\View\View->render('game/manage', Array, true)
#4 /var/www/html/CI4/app/Controllers/Game.php(79): view('game/manage', Array)
#5 /var/www/html/CI4/system/CodeIgniter.php(910): App\Controllers\Game->manage('v2IaSPMf')
#6 /var/www/html/CI4/system/CodeIgniter.php(398): CodeIgniter\CodeIgniter->runController(Object(App\Controllers\Game))
#7 /var/www/html/CI4/system/CodeIgniter.php(306): CodeIgniter\CodeIgniter->handleRequest(NULL, Object(Config\Cache), false)
#8 /var/www/html/CI4/index.php(45): CodeIgniter\CodeIgniter->run()
#9 {main}
CRITICAL - 2020-03-25 14:08:00 --> in_array() expects parameter 2 to be array, string given
#0 [internal function]: CodeIgniter\Debug\Exceptions->errorHandler(2, 'in_array() expe...', '/var/www/html/C...', 99, Array)
#1 /var/www/html/CI4/app/Views/game/manage.php(99): in_array('1', '[1,2,3]')
#2 /var/www/html/CI4/system/View/View.php(236): include('/var/www/html/C...')
#3 /var/www/html/CI4/system/Common.php(1071): CodeIgniter\View\View->render('game/manage', Array, true)
#4 /var/www/html/CI4/app/Controllers/Game.php(79): view('game/manage', Array)
#5 /var/www/html/CI4/system/CodeIgniter.php(910): App\Controllers\Game->manage('v2IaSPMf')
#6 /var/www/html/CI4/system/CodeIgniter.php(398): CodeIgniter\CodeIgniter->runController(Object(App\Controllers\Game))
#7 /var/www/html/CI4/system/CodeIgniter.php(306): CodeIgniter\CodeIgniter->handleRequest(NULL, Object(Config\Cache), false)
#8 /var/www/html/CI4/index.php(45): CodeIgniter\CodeIgniter->run()
#9 {main}
CRITICAL - 2020-03-25 14:42:16 --> syntax error, unexpected ')'
#0 /var/www/html/CI4/system/Router/Router.php(192): CodeIgniter\Router\Router->autoRoute('GameAPI/status')
#1 /var/www/html/CI4/system/CodeIgniter.php(785): CodeIgniter\Router\Router->handle('GameAPI/status')
#2 /var/www/html/CI4/system/CodeIgniter.php(358): CodeIgniter\CodeIgniter->tryToRouteIt(Object(CodeIgniter\Router\RouteCollection))
#3 /var/www/html/CI4/system/CodeIgniter.php(306): CodeIgniter\CodeIgniter->handleRequest(NULL, Object(Config\Cache), false)
#4 /var/www/html/CI4/index.php(45): CodeIgniter\CodeIgniter->run()
#5 {main}
CRITICAL - 2020-03-25 14:49:19 --> Undefined index: enabledpacks
#0 /var/www/html/CI4/app/Controllers/GameAPI.php(185): CodeIgniter\Debug\Exceptions->errorHandler(8, 'Undefined index...', '/var/www/html/C...', 185, Array)
#1 /var/www/html/CI4/system/CodeIgniter.php(910): App\Controllers\GameAPI->status()
#2 /var/www/html/CI4/system/CodeIgniter.php(398): CodeIgniter\CodeIgniter->runController(Object(App\Controllers\GameAPI))
#3 /var/www/html/CI4/system/CodeIgniter.php(306): CodeIgniter\CodeIgniter->handleRequest(NULL, Object(Config\Cache), false)
#4 /var/www/html/CI4/index.php(45): CodeIgniter\CodeIgniter->run()
#5 {main}
CRITICAL - 2020-03-25 14:49:52 --> There is no data to update.
#0 /var/www/html/CI4/system/Model.php(802): CodeIgniter\Database\Exceptions\DataException::forEmptyDataset('update')
#1 /var/www/html/CI4/app/Controllers/GameAPI.php(195): CodeIgniter\Model->update()
#2 /var/www/html/CI4/system/CodeIgniter.php(910): App\Controllers\GameAPI->status()
#3 /var/www/html/CI4/system/CodeIgniter.php(398): CodeIgniter\CodeIgniter->runController(Object(App\Controllers\GameAPI))
#4 /var/www/html/CI4/system/CodeIgniter.php(306): CodeIgniter\CodeIgniter->handleRequest(NULL, Object(Config\Cache), false)
#5 /var/www/html/CI4/index.php(45): CodeIgniter\CodeIgniter->run()
#6 {main}
CRITICAL - 2020-03-25 18:13:46 --> syntax error, unexpected end of file, expecting variable (T_VARIABLE) or ${ (T_DOLLAR_OPEN_CURLY_BRACES) or {$ (T_CURLY_OPEN)
#0 /var/www/html/CI4/system/Autoloader/Autoloader.php(296): CodeIgniter\Autoloader\Autoloader->requireFile('/var/www/html/C...')
#1 /var/www/html/CI4/system/Autoloader/Autoloader.php(258): CodeIgniter\Autoloader\Autoloader->loadInNamespace('App\\Models\\Game...')
#2 [internal function]: CodeIgniter\Autoloader\Autoloader->loadClass('App\\Models\\Game...')
#3 /var/www/html/CI4/app/Helpers/cleanup_helper.php(29): spl_autoload_call('App\\Models\\Game...')
#4 /var/www/html/CI4/app/Helpers/cleanup_helper.php(5): cah_cleanup_games()
#5 /var/www/html/CI4/app/Controllers/BaseController.php(51): cah_cleanup()
#6 /var/www/html/CI4/system/CodeIgniter.php(883): App\Controllers\BaseController->initController(Object(CodeIgniter\HTTP\IncomingRequest), Object(CodeIgniter\HTTP\Response), Object(CodeIgniter\Log\Logger))
#7 /var/www/html/CI4/system/CodeIgniter.php(393): CodeIgniter\CodeIgniter->createController()
#8 /var/www/html/CI4/system/CodeIgniter.php(306): CodeIgniter\CodeIgniter->handleRequest(NULL, Object(Config\Cache), false)
#9 /var/www/html/CI4/index.php(45): CodeIgniter\CodeIgniter->run()
#10 {main}
