CRITICAL - 2020-03-21 12:45:32 --> syntax error, unexpected 'break' (T_BREAK), expecting identifier (T_STRING)
#0 /var/www/html/CI4/system/Router/Router.php(192): CodeIgniter\Router\Router->autoRoute('GameAPI/status')
#1 /var/www/html/CI4/system/CodeIgniter.php(785): CodeIgniter\Router\Router->handle('GameAPI/status')
#2 /var/www/html/CI4/system/CodeIgniter.php(358): CodeIgniter\CodeIgniter->tryToRouteIt(Object(CodeIgniter\Router\RouteCollection))
#3 /var/www/html/CI4/system/CodeIgniter.php(306): CodeIgniter\CodeIgniter->handleRequest(NULL, Object(Config\Cache), false)
#4 /var/www/html/CI4/index.php(45): CodeIgniter\CodeIgniter->run()
#5 {main}
CRITICAL - 2020-03-21 12:45:33 --> syntax error, unexpected 'break' (T_BREAK), expecting identifier (T_STRING)
#0 /var/www/html/CI4/system/Router/Router.php(192): CodeIgniter\Router\Router->autoRoute('GameAPI/status')
#1 /var/www/html/CI4/system/CodeIgniter.php(785): CodeIgniter\Router\Router->handle('GameAPI/status')
#2 /var/www/html/CI4/system/CodeIgniter.php(358): CodeIgniter\CodeIgniter->tryToRouteIt(Object(CodeIgniter\Router\RouteCollection))
#3 /var/www/html/CI4/system/CodeIgniter.php(306): CodeIgniter\CodeIgniter->handleRequest(NULL, Object(Config\Cache), false)
#4 /var/www/html/CI4/index.php(45): CodeIgniter\CodeIgniter->run()
#5 {main}
CRITICAL - 2020-03-21 14:44:26 --> syntax error, unexpected 'as' (T_AS), expecting ',' or ')'
#0 /var/www/html/CI4/system/Controller.php(176): helper(Array)
#1 /var/www/html/CI4/system/Controller.php(127): CodeIgniter\Controller->loadHelpers()
#2 /var/www/html/CI4/app/Controllers/BaseController.php(42): CodeIgniter\Controller->initController(Object(CodeIgniter\HTTP\IncomingRequest), Object(CodeIgniter\HTTP\Response), Object(CodeIgniter\Log\Logger))
#3 /var/www/html/CI4/system/CodeIgniter.php(883): App\Controllers\BaseController->initController(Object(CodeIgniter\HTTP\IncomingRequest), Object(CodeIgniter\HTTP\Response), Object(CodeIgniter\Log\Logger))
#4 /var/www/html/CI4/system/CodeIgniter.php(393): CodeIgniter\CodeIgniter->createController()
#5 /var/www/html/CI4/system/CodeIgniter.php(306): CodeIgniter\CodeIgniter->handleRequest(NULL, Object(Config\Cache), false)
#6 /var/www/html/CI4/index.php(45): CodeIgniter\CodeIgniter->run()
#7 {main}
CRITICAL - 2020-03-21 15:06:13 --> preg_match(): Unknown modifier 'g'
#0 [internal function]: CodeIgniter\Debug\Exceptions->errorHandler(2, 'preg_match(): U...', '/var/www/html/C...', 20, Array)
#1 /var/www/html/CI4/app/Helpers/cleanup_helper.php(20): preg_match('/__ci_last_rege...', '__ci_last_regen...', Array)
#2 /var/www/html/CI4/app/Helpers/cleanup_helper.php(4): cah_cleanup_users()
#3 /var/www/html/CI4/app/Controllers/BaseController.php(51): cah_cleanup()
#4 /var/www/html/CI4/system/CodeIgniter.php(883): App\Controllers\BaseController->initController(Object(CodeIgniter\HTTP\IncomingRequest), Object(CodeIgniter\HTTP\Response), Object(CodeIgniter\Log\Logger))
#5 /var/www/html/CI4/system/CodeIgniter.php(393): CodeIgniter\CodeIgniter->createController()
#6 /var/www/html/CI4/system/CodeIgniter.php(306): CodeIgniter\CodeIgniter->handleRequest(NULL, Object(Config\Cache), false)
#7 /var/www/html/CI4/index.php(45): CodeIgniter\CodeIgniter->run()
#8 {main}
CRITICAL - 2020-03-21 15:09:40 --> syntax error, unexpected 'foreach' (T_FOREACH)
#0 /var/www/html/CI4/system/Controller.php(176): helper(Array)
#1 /var/www/html/CI4/system/Controller.php(127): CodeIgniter\Controller->loadHelpers()
#2 /var/www/html/CI4/app/Controllers/BaseController.php(42): CodeIgniter\Controller->initController(Object(CodeIgniter\HTTP\IncomingRequest), Object(CodeIgniter\HTTP\Response), Object(CodeIgniter\Log\Logger))
#3 /var/www/html/CI4/system/CodeIgniter.php(883): App\Controllers\BaseController->initController(Object(CodeIgniter\HTTP\IncomingRequest), Object(CodeIgniter\HTTP\Response), Object(CodeIgniter\Log\Logger))
#4 /var/www/html/CI4/system/CodeIgniter.php(393): CodeIgniter\CodeIgniter->createController()
#5 /var/www/html/CI4/system/CodeIgniter.php(306): CodeIgniter\CodeIgniter->handleRequest(NULL, Object(Config\Cache), false)
#6 /var/www/html/CI4/index.php(45): CodeIgniter\CodeIgniter->run()
#7 {main}
CRITICAL - 2020-03-21 15:16:54 --> Undefined index: id
#0 /var/www/html/CI4/app/Helpers/cleanup_helper.php(48): CodeIgniter\Debug\Exceptions->errorHandler(8, 'Undefined index...', '/var/www/html/C...', 48, Array)
#1 /var/www/html/CI4/app/Helpers/cleanup_helper.php(5): cah_cleanup_games()
#2 /var/www/html/CI4/app/Controllers/BaseController.php(51): cah_cleanup()
#3 /var/www/html/CI4/system/CodeIgniter.php(883): App\Controllers\BaseController->initController(Object(CodeIgniter\HTTP\IncomingRequest), Object(CodeIgniter\HTTP\Response), Object(CodeIgniter\Log\Logger))
#4 /var/www/html/CI4/system/CodeIgniter.php(393): CodeIgniter\CodeIgniter->createController()
#5 /var/www/html/CI4/system/CodeIgniter.php(306): CodeIgniter\CodeIgniter->handleRequest(NULL, Object(Config\Cache), false)
#6 /var/www/html/CI4/index.php(45): CodeIgniter\CodeIgniter->run()
#7 {main}
CRITICAL - 2020-03-21 15:17:38 --> You must use the "set" method to update an entry.
#0 /var/www/html/CI4/system/Database/BaseBuilder.php(2384): CodeIgniter\Database\BaseBuilder->validateUpdate()
#1 /var/www/html/CI4/system/Model.php(851): CodeIgniter\Database\BaseBuilder->update()
#2 /var/www/html/CI4/app/Helpers/cleanup_helper.php(48): CodeIgniter\Model->update()
#3 /var/www/html/CI4/app/Helpers/cleanup_helper.php(5): cah_cleanup_games()
#4 /var/www/html/CI4/app/Controllers/BaseController.php(51): cah_cleanup()
#5 /var/www/html/CI4/system/CodeIgniter.php(883): App\Controllers\BaseController->initController(Object(CodeIgniter\HTTP\IncomingRequest), Object(CodeIgniter\HTTP\Response), Object(CodeIgniter\Log\Logger))
#6 /var/www/html/CI4/system/CodeIgniter.php(393): CodeIgniter\CodeIgniter->createController()
#7 /var/www/html/CI4/system/CodeIgniter.php(306): CodeIgniter\CodeIgniter->handleRequest(NULL, Object(Config\Cache), false)
#8 /var/www/html/CI4/index.php(45): CodeIgniter\CodeIgniter->run()
#9 {main}
CRITICAL - 2020-03-21 15:19:12 --> You must use the "set" method to update an entry.
#0 /var/www/html/CI4/system/Database/BaseBuilder.php(2384): CodeIgniter\Database\BaseBuilder->validateUpdate()
#1 /var/www/html/CI4/system/Model.php(851): CodeIgniter\Database\BaseBuilder->update()
#2 /var/www/html/CI4/app/Helpers/cleanup_helper.php(48): CodeIgniter\Model->update()
#3 /var/www/html/CI4/app/Helpers/cleanup_helper.php(5): cah_cleanup_games()
#4 /var/www/html/CI4/app/Controllers/BaseController.php(51): cah_cleanup()
#5 /var/www/html/CI4/system/CodeIgniter.php(883): App\Controllers\BaseController->initController(Object(CodeIgniter\HTTP\IncomingRequest), Object(CodeIgniter\HTTP\Response), Object(CodeIgniter\Log\Logger))
#6 /var/www/html/CI4/system/CodeIgniter.php(393): CodeIgniter\CodeIgniter->createController()
#7 /var/www/html/CI4/system/CodeIgniter.php(306): CodeIgniter\CodeIgniter->handleRequest(NULL, Object(Config\Cache), false)
#8 /var/www/html/CI4/index.php(45): CodeIgniter\CodeIgniter->run()
#9 {main}
CRITICAL - 2020-03-21 15:20:38 --> You must use the "set" method to update an entry.
#0 /var/www/html/CI4/system/Database/BaseBuilder.php(2384): CodeIgniter\Database\BaseBuilder->validateUpdate()
#1 /var/www/html/CI4/system/Model.php(851): CodeIgniter\Database\BaseBuilder->update()
#2 /var/www/html/CI4/app/Helpers/cleanup_helper.php(48): CodeIgniter\Model->update()
#3 /var/www/html/CI4/app/Helpers/cleanup_helper.php(5): cah_cleanup_games()
#4 /var/www/html/CI4/app/Controllers/BaseController.php(51): cah_cleanup()
#5 /var/www/html/CI4/system/CodeIgniter.php(883): App\Controllers\BaseController->initController(Object(CodeIgniter\HTTP\IncomingRequest), Object(CodeIgniter\HTTP\Response), Object(CodeIgniter\Log\Logger))
#6 /var/www/html/CI4/system/CodeIgniter.php(393): CodeIgniter\CodeIgniter->createController()
#7 /var/www/html/CI4/system/CodeIgniter.php(306): CodeIgniter\CodeIgniter->handleRequest(NULL, Object(Config\Cache), false)
#8 /var/www/html/CI4/index.php(45): CodeIgniter\CodeIgniter->run()
#9 {main}
CRITICAL - 2020-03-21 15:21:36 --> You must use the "set" method to update an entry.
#0 /var/www/html/CI4/system/Database/BaseBuilder.php(2384): CodeIgniter\Database\BaseBuilder->validateUpdate()
#1 /var/www/html/CI4/system/Model.php(851): CodeIgniter\Database\BaseBuilder->update()
#2 /var/www/html/CI4/app/Helpers/cleanup_helper.php(47): CodeIgniter\Model->update()
#3 /var/www/html/CI4/app/Helpers/cleanup_helper.php(5): cah_cleanup_games()
#4 /var/www/html/CI4/app/Controllers/BaseController.php(51): cah_cleanup()
#5 /var/www/html/CI4/system/CodeIgniter.php(883): App\Controllers\BaseController->initController(Object(CodeIgniter\HTTP\IncomingRequest), Object(CodeIgniter\HTTP\Response), Object(CodeIgniter\Log\Logger))
#6 /var/www/html/CI4/system/CodeIgniter.php(393): CodeIgniter\CodeIgniter->createController()
#7 /var/www/html/CI4/system/CodeIgniter.php(306): CodeIgniter\CodeIgniter->handleRequest(NULL, Object(Config\Cache), false)
#8 /var/www/html/CI4/index.php(45): CodeIgniter\CodeIgniter->run()
#9 {main}
CRITICAL - 2020-03-21 15:21:37 --> You must use the "set" method to update an entry.
#0 /var/www/html/CI4/system/Database/BaseBuilder.php(2384): CodeIgniter\Database\BaseBuilder->validateUpdate()
#1 /var/www/html/CI4/system/Model.php(851): CodeIgniter\Database\BaseBuilder->update()
#2 /var/www/html/CI4/app/Helpers/cleanup_helper.php(47): CodeIgniter\Model->update()
#3 /var/www/html/CI4/app/Helpers/cleanup_helper.php(5): cah_cleanup_games()
#4 /var/www/html/CI4/app/Controllers/BaseController.php(51): cah_cleanup()
#5 /var/www/html/CI4/system/CodeIgniter.php(883): App\Controllers\BaseController->initController(Object(CodeIgniter\HTTP\IncomingRequest), Object(CodeIgniter\HTTP\Response), Object(CodeIgniter\Log\Logger))
#6 /var/www/html/CI4/system/CodeIgniter.php(393): CodeIgniter\CodeIgniter->createController()
#7 /var/www/html/CI4/system/CodeIgniter.php(306): CodeIgniter\CodeIgniter->handleRequest(NULL, Object(Config\Cache), false)
#8 /var/www/html/CI4/index.php(45): CodeIgniter\CodeIgniter->run()
#9 {main}
CRITICAL - 2020-03-21 15:21:48 --> You must use the "set" method to update an entry.
#0 /var/www/html/CI4/system/Database/BaseBuilder.php(2384): CodeIgniter\Database\BaseBuilder->validateUpdate()
#1 /var/www/html/CI4/system/Model.php(851): CodeIgniter\Database\BaseBuilder->update()
#2 /var/www/html/CI4/app/Helpers/cleanup_helper.php(47): CodeIgniter\Model->update()
#3 /var/www/html/CI4/app/Helpers/cleanup_helper.php(5): cah_cleanup_games()
#4 /var/www/html/CI4/app/Controllers/BaseController.php(51): cah_cleanup()
#5 /var/www/html/CI4/system/CodeIgniter.php(883): App\Controllers\BaseController->initController(Object(CodeIgniter\HTTP\IncomingRequest), Object(CodeIgniter\HTTP\Response), Object(CodeIgniter\Log\Logger))
#6 /var/www/html/CI4/system/CodeIgniter.php(393): CodeIgniter\CodeIgniter->createController()
#7 /var/www/html/CI4/system/CodeIgniter.php(306): CodeIgniter\CodeIgniter->handleRequest(NULL, Object(Config\Cache), false)
#8 /var/www/html/CI4/index.php(45): CodeIgniter\CodeIgniter->run()
#9 {main}
CRITICAL - 2020-03-21 15:21:49 --> You must use the "set" method to update an entry.
#0 /var/www/html/CI4/system/Database/BaseBuilder.php(2384): CodeIgniter\Database\BaseBuilder->validateUpdate()
#1 /var/www/html/CI4/system/Model.php(851): CodeIgniter\Database\BaseBuilder->update()
#2 /var/www/html/CI4/app/Helpers/cleanup_helper.php(47): CodeIgniter\Model->update()
#3 /var/www/html/CI4/app/Helpers/cleanup_helper.php(5): cah_cleanup_games()
#4 /var/www/html/CI4/app/Controllers/BaseController.php(51): cah_cleanup()
#5 /var/www/html/CI4/system/CodeIgniter.php(883): App\Controllers\BaseController->initController(Object(CodeIgniter\HTTP\IncomingRequest), Object(CodeIgniter\HTTP\Response), Object(CodeIgniter\Log\Logger))
#6 /var/www/html/CI4/system/CodeIgniter.php(393): CodeIgniter\CodeIgniter->createController()
#7 /var/www/html/CI4/system/CodeIgniter.php(306): CodeIgniter\CodeIgniter->handleRequest(NULL, Object(Config\Cache), false)
#8 /var/www/html/CI4/index.php(45): CodeIgniter\CodeIgniter->run()
#9 {main}
CRITICAL - 2020-03-21 16:25:14 --> Call to undefined function __()
#0 /var/www/html/CI4/system/View/View.php(236): include()
#1 /var/www/html/CI4/system/Common.php(1071): CodeIgniter\View\View->render('game/index', Array, true)
#2 /var/www/html/CI4/app/Controllers/Game.php(15): view('game/index', Array)
#3 /var/www/html/CI4/system/CodeIgniter.php(910): App\Controllers\Game->index()
#4 /var/www/html/CI4/system/CodeIgniter.php(398): CodeIgniter\CodeIgniter->runController(Object(App\Controllers\Game))
#5 /var/www/html/CI4/system/CodeIgniter.php(306): CodeIgniter\CodeIgniter->handleRequest(NULL, Object(Config\Cache), false)
#6 /var/www/html/CI4/index.php(45): CodeIgniter\CodeIgniter->run()
#7 {main}
