CRITICAL - 2020-03-24 12:28:10 --> Undefined index: blackcardcount
#0 /var/www/html/CI4/app/Views/game/manage.php(26): CodeIgniter\Debug\Exceptions->errorHandler(8, 'Undefined index...', '/var/www/html/C...', 26, Array)
#1 /var/www/html/CI4/system/View/View.php(236): include('/var/www/html/C...')
#2 /var/www/html/CI4/system/Common.php(1071): CodeIgniter\View\View->render('game/manage', Array, true)
#3 /var/www/html/CI4/app/Controllers/Game.php(77): view('game/manage', Array)
#4 /var/www/html/CI4/system/CodeIgniter.php(910): App\Controllers\Game->manage('HwpQo8b0')
#5 /var/www/html/CI4/system/CodeIgniter.php(398): CodeIgniter\CodeIgniter->runController(Object(App\Controllers\Game))
#6 /var/www/html/CI4/system/CodeIgniter.php(306): CodeIgniter\CodeIgniter->handleRequest(NULL, Object(Config\Cache), false)
#7 /var/www/html/CI4/index.php(45): CodeIgniter\CodeIgniter->run()
#8 {main}
CRITICAL - 2020-03-24 12:28:35 --> Array to string conversion
#0 /var/www/html/CI4/app/Views/game/manage.php(26): CodeIgniter\Debug\Exceptions->errorHandler(8, 'Array to string...', '/var/www/html/C...', 26, Array)
#1 /var/www/html/CI4/system/View/View.php(236): include('/var/www/html/C...')
#2 /var/www/html/CI4/system/Common.php(1071): CodeIgniter\View\View->render('game/manage', Array, true)
#3 /var/www/html/CI4/app/Controllers/Game.php(77): view('game/manage', Array)
#4 /var/www/html/CI4/system/CodeIgniter.php(910): App\Controllers\Game->manage('HwpQo8b0')
#5 /var/www/html/CI4/system/CodeIgniter.php(398): CodeIgniter\CodeIgniter->runController(Object(App\Controllers\Game))
#6 /var/www/html/CI4/system/CodeIgniter.php(306): CodeIgniter\CodeIgniter->handleRequest(NULL, Object(Config\Cache), false)
#7 /var/www/html/CI4/index.php(45): CodeIgniter\CodeIgniter->run()
#8 {main}
CRITICAL - 2020-03-24 12:28:36 --> Array to string conversion
#0 /var/www/html/CI4/app/Views/game/manage.php(26): CodeIgniter\Debug\Exceptions->errorHandler(8, 'Array to string...', '/var/www/html/C...', 26, Array)
#1 /var/www/html/CI4/system/View/View.php(236): include('/var/www/html/C...')
#2 /var/www/html/CI4/system/Common.php(1071): CodeIgniter\View\View->render('game/manage', Array, true)
#3 /var/www/html/CI4/app/Controllers/Game.php(77): view('game/manage', Array)
#4 /var/www/html/CI4/system/CodeIgniter.php(910): App\Controllers\Game->manage('HwpQo8b0')
#5 /var/www/html/CI4/system/CodeIgniter.php(398): CodeIgniter\CodeIgniter->runController(Object(App\Controllers\Game))
#6 /var/www/html/CI4/system/CodeIgniter.php(306): CodeIgniter\CodeIgniter->handleRequest(NULL, Object(Config\Cache), false)
#7 /var/www/html/CI4/index.php(45): CodeIgniter\CodeIgniter->run()
#8 {main}
CRITICAL - 2020-03-24 12:29:01 --> Array to string conversion
#0 /var/www/html/CI4/app/Views/game/manage.php(26): CodeIgniter\Debug\Exceptions->errorHandler(8, 'Array to string...', '/var/www/html/C...', 26, Array)
#1 /var/www/html/CI4/system/View/View.php(236): include('/var/www/html/C...')
#2 /var/www/html/CI4/system/Common.php(1071): CodeIgniter\View\View->render('game/manage', Array, true)
#3 /var/www/html/CI4/app/Controllers/Game.php(77): view('game/manage', Array)
#4 /var/www/html/CI4/system/CodeIgniter.php(910): App\Controllers\Game->manage('raKjdBC4')
#5 /var/www/html/CI4/system/CodeIgniter.php(398): CodeIgniter\CodeIgniter->runController(Object(App\Controllers\Game))
#6 /var/www/html/CI4/system/CodeIgniter.php(306): CodeIgniter\CodeIgniter->handleRequest(NULL, Object(Config\Cache), false)
#7 /var/www/html/CI4/index.php(45): CodeIgniter\CodeIgniter->run()
#8 {main}
CRITICAL - 2020-03-24 19:05:53 --> Undefined variable: game
#0 /var/www/html/CI4/app/Views/game/manage.php(26): CodeIgniter\Debug\Exceptions->errorHandler(8, 'Undefined varia...', '/var/www/html/C...', 26, Array)
#1 /var/www/html/CI4/system/View/View.php(236): include('/var/www/html/C...')
#2 /var/www/html/CI4/system/Common.php(1071): CodeIgniter\View\View->render('game/manage', Array, true)
#3 /var/www/html/CI4/app/Controllers/Game.php(77): view('game/manage', Array)
#4 /var/www/html/CI4/system/CodeIgniter.php(910): App\Controllers\Game->manage('r6uD7HGH')
#5 /var/www/html/CI4/system/CodeIgniter.php(398): CodeIgniter\CodeIgniter->runController(Object(App\Controllers\Game))
#6 /var/www/html/CI4/system/CodeIgniter.php(306): CodeIgniter\CodeIgniter->handleRequest(NULL, Object(Config\Cache), false)
#7 /var/www/html/CI4/index.php(45): CodeIgniter\CodeIgniter->run()
#8 {main}
CRITICAL - 2020-03-24 19:12:16 --> Undefined index: spectatorsallowed
#0 /var/www/html/CI4/app/Views/game/manage.php(87): CodeIgniter\Debug\Exceptions->errorHandler(8, 'Undefined index...', '/var/www/html/C...', 87, Array)
#1 /var/www/html/CI4/system/View/View.php(236): include('/var/www/html/C...')
#2 /var/www/html/CI4/system/Common.php(1071): CodeIgniter\View\View->render('game/manage', Array, true)
#3 /var/www/html/CI4/app/Controllers/Game.php(79): view('game/manage', Array)
#4 /var/www/html/CI4/system/CodeIgniter.php(910): App\Controllers\Game->manage('r6uD7HGH')
#5 /var/www/html/CI4/system/CodeIgniter.php(398): CodeIgniter\CodeIgniter->runController(Object(App\Controllers\Game))
#6 /var/www/html/CI4/system/CodeIgniter.php(306): CodeIgniter\CodeIgniter->handleRequest(NULL, Object(Config\Cache), false)
#7 /var/www/html/CI4/index.php(45): CodeIgniter\CodeIgniter->run()
#8 {main}
